Build started 9/11/2012 8:17:13 PM.
     1>Project "d:\documents\visual studio 2010\Projects\CSE470_P1\CSE470_P1\CSE470_P1.vcxproj" on node 2 (build target(s)).
     1>PrepareForBuild:
         Creating directory "d:\documents\visual studio 2010\Projects\CSE470_P1\Release\".
       InitializeBuildStatus:
         Creating "Release\CSE470_P1.unsuccessfulbuild" because "AlwaysCreate" was specified.
       ClCompile:
         d:\Program Files (x86)\Microsoft Visual Studio 10.0\VC\bin\CL.exe /c /Zi /nologo /W3 /WX- /O2 /Oi /Oy- /GL /D _MBCS /Gm- /EHsc /MD /GS /Gy /fp:precise /Zc:wchar_t /Zc:forScope /Fo"Release\\" /Fd"Release\vc100.pdb" /Gd /TP /analyze- /errorReport:prompt basics.cpp
         basics.cpp
     1>basics.cpp(57): warning C4244: 'argument' : conversion from 'int' to 'GLfloat', possible loss of data
     1>basics.cpp(61): warning C4244: 'argument' : conversion from 'double' to 'GLfloat', possible loss of data
     1>basics.cpp(61): warning C4244: 'argument' : conversion from 'double' to 'GLfloat', possible loss of data
     1>basics.cpp(82): warning C4244: 'argument' : conversion from 'double' to 'GLfloat', possible loss of data
     1>basics.cpp(82): warning C4244: 'argument' : conversion from 'double' to 'GLfloat', possible loss of data
     1>basics.cpp(123): warning C4305: 'argument' : truncation from 'double' to 'float'
     1>basics.cpp(123): warning C4305: 'argument' : truncation from 'double' to 'float'
     1>basics.cpp(138): warning C4244: 'argument' : conversion from 'double' to 'GLfloat', possible loss of data
     1>basics.cpp(138): warning C4244: 'argument' : conversion from 'double' to 'GLfloat', possible loss of data
     1>basics.cpp(140): warning C4244: 'argument' : conversion from 'double' to 'GLfloat', possible loss of data
     1>basics.cpp(140): warning C4244: 'argument' : conversion from 'double' to 'GLfloat', possible loss of data
       Link:
         d:\Program Files (x86)\Microsoft Visual Studio 10.0\VC\bin\link.exe /ERRORREPORT:PROMPT /OUT:"d:\documents\visual studio 2010\Projects\CSE470_P1\Release\CSE470_P1.exe" /NOLOGO kernel32.lib user32.lib gdi32.lib winspool.lib comdlg32.lib advapi32.lib shell32.lib ole32.lib oleaut32.lib uuid.lib odbc32.lib odbccp32.lib /MANIFEST /ManifestFile:"Release\CSE470_P1.exe.intermediate.manifest" /MANIFESTUAC:"level='asInvoker' uiAccess='false'" /DEBUG /PDB:"d:\documents\visual studio 2010\Projects\CSE470_P1\Release\CSE470_P1.pdb" /OPT:REF /OPT:ICF /LTCG /TLBID:1 /DYNAMICBASE /NXCOMPAT /IMPLIB:"d:\documents\visual studio 2010\Projects\CSE470_P1\Release\CSE470_P1.lib" /MACHINE:X86 Release\basics.obj
         Generating code
         Finished generating code
         CSE470_P1.vcxproj -> d:\documents\visual studio 2010\Projects\CSE470_P1\Release\CSE470_P1.exe
       Manifest:
         C:\Program Files (x86)\Microsoft SDKs\Windows\v7.0A\bin\mt.exe /nologo /verbose /outputresource:"d:\documents\visual studio 2010\Projects\CSE470_P1\Release\CSE470_P1.exe;#1" /manifest Release\CSE470_P1.exe.intermediate.manifest
       FinalizeBuildStatus:
         Deleting file "Release\CSE470_P1.unsuccessfulbuild".
         Touching "Release\CSE470_P1.lastbuildstate".
     1>Done Building Project "d:\documents\visual studio 2010\Projects\CSE470_P1\CSE470_P1\CSE470_P1.vcxproj" (build target(s)).

Build succeeded.

Time Elapsed 00:00:02.18
