Build started 10/31/2012 1:18:32 PM.
     1>Project "D:\Documents\ASU\CSE 470\A3\CSE470_P3\CSE470_P3\CSE470_P3.vcxproj" on node 2 (build target(s)).
     1>InitializeBuildStatus:
         Creating "Release\CSE470_P3.unsuccessfulbuild" because "AlwaysCreate" was specified.
       ClCompile:
         d:\Program Files (x86)\Microsoft Visual Studio 10.0\VC\bin\CL.exe /c /Zi /nologo /W3 /WX- /O2 /Oi /Oy- /GL /D _MBCS /Gm- /EHsc /MD /GS /Gy /fp:precise /Zc:wchar_t /Zc:forScope /Fo"Release\\" /Fd"Release\vc100.pdb" /Gd /TP /analyze- /errorReport:prompt Camera.cpp Loaders.cpp main.cpp MeshBox.cpp MeshCone.cpp MeshCylinder.cpp MeshModel.cpp MeshPlane.cpp
         Camera.cpp
         Loaders.cpp
     1>Loaders.cpp(10): warning C4996: 'sscanf': This function or variable may be unsafe. Consider using sscanf_s instead. To disable deprecation, use _CRT_SECURE_NO_WARNINGS. See online help for details.
                 d:\Program Files (x86)\Microsoft Visual Studio 10.0\VC\include\stdio.h(325) : see declaration of 'sscanf'
     1>Loaders.cpp(69): warning C4996: 'sscanf': This function or variable may be unsafe. Consider using sscanf_s instead. To disable deprecation, use _CRT_SECURE_NO_WARNINGS. See online help for details.
                 d:\Program Files (x86)\Microsoft Visual Studio 10.0\VC\include\stdio.h(325) : see declaration of 'sscanf'
     1>Loaders.cpp(75): warning C4996: 'sscanf': This function or variable may be unsafe. Consider using sscanf_s instead. To disable deprecation, use _CRT_SECURE_NO_WARNINGS. See online help for details.
                 d:\Program Files (x86)\Microsoft Visual Studio 10.0\VC\include\stdio.h(325) : see declaration of 'sscanf'
     1>Loaders.cpp(80): warning C4996: 'sscanf': This function or variable may be unsafe. Consider using sscanf_s instead. To disable deprecation, use _CRT_SECURE_NO_WARNINGS. See online help for details.
                 d:\Program Files (x86)\Microsoft Visual Studio 10.0\VC\include\stdio.h(325) : see declaration of 'sscanf'
         main.cpp
     1>d:\documents\asu\cse 470\a3\cse470_p3\cse470_p3\MeshObject.h(28): warning C4018: '<' : signed/unsigned mismatch
     1>d:\documents\asu\cse 470\a3\cse470_p3\cse470_p3\MeshObject.h(38): warning C4018: '<' : signed/unsigned mismatch
     1>d:\documents\asu\cse 470\a3\cse470_p3\cse470_p3\MeshObject.h(41): warning C4018: '<' : signed/unsigned mismatch
     1>d:\documents\asu\cse 470\a3\cse470_p3\cse470_p3\MeshObject.h(47): warning C4244: 'argument' : conversion from 'int' to 'float', possible loss of data
     1>d:\documents\asu\cse 470\a3\cse470_p3\cse470_p3\MeshObject.h(56): warning C4018: '<' : signed/unsigned mismatch
     1>d:\documents\asu\cse 470\a3\cse470_p3\cse470_p3\MeshObject.h(59): warning C4018: '<' : signed/unsigned mismatch
     1>d:\documents\asu\cse 470\a3\cse470_p3\cse470_p3\MeshObject.h(65): warning C4244: 'argument' : conversion from 'int' to 'float', possible loss of data
     1>main.cpp(115): warning C4018: '<' : signed/unsigned mismatch
     1>main.cpp(135): warning C4018: '<' : signed/unsigned mismatch
     1>main.cpp(162): warning C4018: '<' : signed/unsigned mismatch
     1>main.cpp(173): warning C4018: '<' : signed/unsigned mismatch
     1>main.cpp(290): warning C4244: '=' : conversion from 'double' to 'GLfloat', possible loss of data
     1>main.cpp(404): warning C4305: 'argument' : truncation from 'double' to 'GLfloat'
     1>main.cpp(430): warning C4305: 'argument' : truncation from 'double' to 'GLfloat'
         MeshBox.cpp
     1>d:\documents\asu\cse 470\a3\cse470_p3\cse470_p3\MeshObject.h(28): warning C4018: '<' : signed/unsigned mismatch
     1>d:\documents\asu\cse 470\a3\cse470_p3\cse470_p3\MeshObject.h(38): warning C4018: '<' : signed/unsigned mismatch
     1>d:\documents\asu\cse 470\a3\cse470_p3\cse470_p3\MeshObject.h(41): warning C4018: '<' : signed/unsigned mismatch
     1>d:\documents\asu\cse 470\a3\cse470_p3\cse470_p3\MeshObject.h(47): warning C4244: 'argument' : conversion from 'int' to 'float', possible loss of data
     1>d:\documents\asu\cse 470\a3\cse470_p3\cse470_p3\MeshObject.h(56): warning C4018: '<' : signed/unsigned mismatch
     1>d:\documents\asu\cse 470\a3\cse470_p3\cse470_p3\MeshObject.h(59): warning C4018: '<' : signed/unsigned mismatch
     1>d:\documents\asu\cse 470\a3\cse470_p3\cse470_p3\MeshObject.h(65): warning C4244: 'argument' : conversion from 'int' to 'float', possible loss of data
     1>MeshBox.cpp(10): warning C4244: 'argument' : conversion from 'double' to 'float', possible loss of data
     1>MeshBox.cpp(10): warning C4244: 'argument' : conversion from 'double' to 'float', possible loss of data
     1>MeshBox.cpp(10): warning C4244: 'argument' : conversion from 'double' to 'float', possible loss of data
     1>MeshBox.cpp(11): warning C4244: 'argument' : conversion from 'double' to 'float', possible loss of data
     1>MeshBox.cpp(11): warning C4244: 'argument' : conversion from 'double' to 'float', possible loss of data
     1>MeshBox.cpp(11): warning C4244: 'argument' : conversion from 'double' to 'float', possible loss of data
     1>MeshBox.cpp(12): warning C4244: 'argument' : conversion from 'double' to 'float', possible loss of data
     1>MeshBox.cpp(12): warning C4244: 'argument' : conversion from 'double' to 'float', possible loss of data
     1>MeshBox.cpp(12): warning C4244: 'argument' : conversion from 'double' to 'float', possible loss of data
     1>MeshBox.cpp(13): warning C4244: 'argument' : conversion from 'double' to 'float', possible loss of data
     1>MeshBox.cpp(13): warning C4244: 'argument' : conversion from 'double' to 'float', possible loss of data
     1>MeshBox.cpp(13): warning C4244: 'argument' : conversion from 'double' to 'float', possible loss of data
     1>MeshBox.cpp(14): warning C4244: 'argument' : conversion from 'double' to 'float', possible loss of data
     1>MeshBox.cpp(14): warning C4244: 'argument' : conversion from 'double' to 'float', possible loss of data
     1>MeshBox.cpp(14): warning C4244: 'argument' : conversion from 'double' to 'float', possible loss of data
     1>MeshBox.cpp(15): warning C4244: 'argument' : conversion from 'double' to 'float', possible loss of data
     1>MeshBox.cpp(15): warning C4244: 'argument' : conversion from 'double' to 'float', possible loss of data
     1>MeshBox.cpp(15): warning C4244: 'argument' : conversion from 'double' to 'float', possible loss of data
     1>MeshBox.cpp(16): warning C4244: 'argument' : conversion from 'double' to 'float', possible loss of data
     1>MeshBox.cpp(16): warning C4244: 'argument' : conversion from 'double' to 'float', possible loss of data
     1>MeshBox.cpp(16): warning C4244: 'argument' : conversion from 'double' to 'float', possible loss of data
     1>MeshBox.cpp(17): warning C4244: 'argument' : conversion from 'double' to 'float', possible loss of data
     1>MeshBox.cpp(17): warning C4244: 'argument' : conversion from 'double' to 'float', possible loss of data
     1>MeshBox.cpp(17): warning C4244: 'argument' : conversion from 'double' to 'float', possible loss of data
         MeshCone.cpp
     1>d:\documents\asu\cse 470\a3\cse470_p3\cse470_p3\MeshObject.h(28): warning C4018: '<' : signed/unsigned mismatch
     1>d:\documents\asu\cse 470\a3\cse470_p3\cse470_p3\MeshObject.h(38): warning C4018: '<' : signed/unsigned mismatch
     1>d:\documents\asu\cse 470\a3\cse470_p3\cse470_p3\MeshObject.h(41): warning C4018: '<' : signed/unsigned mismatch
     1>d:\documents\asu\cse 470\a3\cse470_p3\cse470_p3\MeshObject.h(47): warning C4244: 'argument' : conversion from 'int' to 'float', possible loss of data
     1>d:\documents\asu\cse 470\a3\cse470_p3\cse470_p3\MeshObject.h(56): warning C4018: '<' : signed/unsigned mismatch
     1>d:\documents\asu\cse 470\a3\cse470_p3\cse470_p3\MeshObject.h(59): warning C4018: '<' : signed/unsigned mismatch
     1>d:\documents\asu\cse 470\a3\cse470_p3\cse470_p3\MeshObject.h(65): warning C4244: 'argument' : conversion from 'int' to 'float', possible loss of data
     1>MeshCone.cpp(4): warning C4244: 'initializing' : conversion from 'int' to 'GLfloat', possible loss of data
     1>MeshCone.cpp(7): warning C4244: 'argument' : conversion from 'double' to 'float', possible loss of data
     1>MeshCone.cpp(7): warning C4244: 'argument' : conversion from 'double' to 'float', possible loss of data
     1>MeshCone.cpp(13): warning C4244: 'argument' : conversion from 'GLfloat' to 'int', possible loss of data
     1>MeshCone.cpp(15): warning C4244: 'argument' : conversion from 'GLfloat' to 'int', possible loss of data
     1>MeshCone.cpp(15): warning C4244: 'argument' : conversion from 'GLfloat' to 'int', possible loss of data
     1>MeshCone.cpp(18): warning C4244: 'argument' : conversion from 'GLfloat' to 'int', possible loss of data
     1>MeshCone.cpp(20): warning C4244: 'argument' : conversion from 'GLfloat' to 'int', possible loss of data
     1>MeshCone.cpp(20): warning C4244: 'argument' : conversion from 'GLfloat' to 'int', possible loss of data
         MeshCylinder.cpp
     1>d:\documents\asu\cse 470\a3\cse470_p3\cse470_p3\MeshObject.h(28): warning C4018: '<' : signed/unsigned mismatch
     1>d:\documents\asu\cse 470\a3\cse470_p3\cse470_p3\MeshObject.h(38): warning C4018: '<' : signed/unsigned mismatch
     1>d:\documents\asu\cse 470\a3\cse470_p3\cse470_p3\MeshObject.h(41): warning C4018: '<' : signed/unsigned mismatch
     1>d:\documents\asu\cse 470\a3\cse470_p3\cse470_p3\MeshObject.h(47): warning C4244: 'argument' : conversion from 'int' to 'float', possible loss of data
     1>d:\documents\asu\cse 470\a3\cse470_p3\cse470_p3\MeshObject.h(56): warning C4018: '<' : signed/unsigned mismatch
     1>d:\documents\asu\cse 470\a3\cse470_p3\cse470_p3\MeshObject.h(59): warning C4018: '<' : signed/unsigned mismatch
     1>d:\documents\asu\cse 470\a3\cse470_p3\cse470_p3\MeshObject.h(65): warning C4244: 'argument' : conversion from 'int' to 'float', possible loss of data
     1>MeshCylinder.cpp(4): warning C4244: 'initializing' : conversion from 'int' to 'GLfloat', possible loss of data
     1>MeshCylinder.cpp(7): warning C4244: 'argument' : conversion from 'double' to 'float', possible loss of data
     1>MeshCylinder.cpp(7): warning C4244: 'argument' : conversion from 'double' to 'float', possible loss of data
     1>MeshCylinder.cpp(10): warning C4244: 'argument' : conversion from 'double' to 'float', possible loss of data
     1>MeshCylinder.cpp(10): warning C4244: 'argument' : conversion from 'double' to 'float', possible loss of data
     1>MeshCylinder.cpp(16): warning C4244: 'argument' : conversion from 'GLfloat' to 'int', possible loss of data
     1>MeshCylinder.cpp(18): warning C4244: 'argument' : conversion from 'GLfloat' to 'int', possible loss of data
     1>MeshCylinder.cpp(18): warning C4244: 'argument' : conversion from 'GLfloat' to 'int', possible loss of data
     1>MeshCylinder.cpp(21): warning C4244: 'argument' : conversion from 'GLfloat' to 'int', possible loss of data
     1>MeshCylinder.cpp(21): warning C4244: 'argument' : conversion from 'GLfloat' to 'int', possible loss of data
     1>MeshCylinder.cpp(21): warning C4244: 'argument' : conversion from 'GLfloat' to 'int', possible loss of data
     1>MeshCylinder.cpp(23): warning C4244: 'argument' : conversion from 'GLfloat' to 'int', possible loss of data
     1>MeshCylinder.cpp(23): warning C4244: 'argument' : conversion from 'GLfloat' to 'int', possible loss of data
     1>MeshCylinder.cpp(23): warning C4244: 'argument' : conversion from 'GLfloat' to 'int', possible loss of data
     1>MeshCylinder.cpp(26): warning C4244: 'argument' : conversion from 'GLfloat' to 'int', possible loss of data
     1>MeshCylinder.cpp(26): warning C4244: 'argument' : conversion from 'GLfloat' to 'int', possible loss of data
     1>MeshCylinder.cpp(28): warning C4244: 'argument' : conversion from 'GLfloat' to 'int', possible loss of data
     1>MeshCylinder.cpp(28): warning C4244: 'argument' : conversion from 'GLfloat' to 'int', possible loss of data
     1>MeshCylinder.cpp(28): warning C4244: 'argument' : conversion from 'GLfloat' to 'int', possible loss of data
     1>MeshCylinder.cpp(31): warning C4244: 'argument' : conversion from 'GLfloat' to 'int', possible loss of data
     1>MeshCylinder.cpp(33): warning C4244: 'argument' : conversion from 'GLfloat' to 'int', possible loss of data
     1>MeshCylinder.cpp(33): warning C4244: 'argument' : conversion from 'GLfloat' to 'int', possible loss of data
         MeshModel.cpp
     1>d:\documents\asu\cse 470\a3\cse470_p3\cse470_p3\MeshObject.h(28): warning C4018: '<' : signed/unsigned mismatch
     1>d:\documents\asu\cse 470\a3\cse470_p3\cse470_p3\MeshObject.h(38): warning C4018: '<' : signed/unsigned mismatch
     1>d:\documents\asu\cse 470\a3\cse470_p3\cse470_p3\MeshObject.h(41): warning C4018: '<' : signed/unsigned mismatch
     1>d:\documents\asu\cse 470\a3\cse470_p3\cse470_p3\MeshObject.h(47): warning C4244: 'argument' : conversion from 'int' to 'float', possible loss of data
     1>d:\documents\asu\cse 470\a3\cse470_p3\cse470_p3\MeshObject.h(56): warning C4018: '<' : signed/unsigned mismatch
     1>d:\documents\asu\cse 470\a3\cse470_p3\cse470_p3\MeshObject.h(59): warning C4018: '<' : signed/unsigned mismatch
     1>d:\documents\asu\cse 470\a3\cse470_p3\cse470_p3\MeshObject.h(65): warning C4244: 'argument' : conversion from 'int' to 'float', possible loss of data
     1>MeshModel.cpp(4): warning C4018: '<' : signed/unsigned mismatch
     1>MeshModel.cpp(6): warning C4018: '<' : signed/unsigned mismatch
         MeshPlane.cpp
     1>d:\documents\asu\cse 470\a3\cse470_p3\cse470_p3\MeshObject.h(28): warning C4018: '<' : signed/unsigned mismatch
     1>d:\documents\asu\cse 470\a3\cse470_p3\cse470_p3\MeshObject.h(38): warning C4018: '<' : signed/unsigned mismatch
     1>d:\documents\asu\cse 470\a3\cse470_p3\cse470_p3\MeshObject.h(41): warning C4018: '<' : signed/unsigned mismatch
     1>d:\documents\asu\cse 470\a3\cse470_p3\cse470_p3\MeshObject.h(47): warning C4244: 'argument' : conversion from 'int' to 'float', possible loss of data
     1>d:\documents\asu\cse 470\a3\cse470_p3\cse470_p3\MeshObject.h(56): warning C4018: '<' : signed/unsigned mismatch
     1>d:\documents\asu\cse 470\a3\cse470_p3\cse470_p3\MeshObject.h(59): warning C4018: '<' : signed/unsigned mismatch
     1>d:\documents\asu\cse 470\a3\cse470_p3\cse470_p3\MeshObject.h(65): warning C4244: 'argument' : conversion from 'int' to 'float', possible loss of data
     1>MeshPlane.cpp(9): warning C4018: '<' : signed/unsigned mismatch
       Link:
         d:\Program Files (x86)\Microsoft Visual Studio 10.0\VC\bin\link.exe /ERRORREPORT:PROMPT /OUT:"D:\Documents\ASU\CSE 470\A3\CSE470_P3\Release\CSE470_P3.exe" /NOLOGO kernel32.lib user32.lib gdi32.lib winspool.lib comdlg32.lib advapi32.lib shell32.lib ole32.lib oleaut32.lib uuid.lib odbc32.lib odbccp32.lib /MANIFEST /ManifestFile:"Release\CSE470_P3.exe.intermediate.manifest" /MANIFESTUAC:"level='asInvoker' uiAccess='false'" /DEBUG /PDB:"D:\Documents\ASU\CSE 470\A3\CSE470_P3\Release\CSE470_P3.pdb" /OPT:REF /OPT:ICF /LTCG /TLBID:1 /DYNAMICBASE /NXCOMPAT /IMPLIB:"D:\Documents\ASU\CSE 470\A3\CSE470_P3\Release\CSE470_P3.lib" /MACHINE:X86 Release\Camera.obj
         Release\Loaders.obj
         Release\main.obj
         Release\MeshBox.obj
         Release\MeshCone.obj
         Release\MeshCylinder.obj
         Release\MeshModel.obj
         Release\MeshPlane.obj
         Generating code
         Finished generating code
         CSE470_P3.vcxproj -> D:\Documents\ASU\CSE 470\A3\CSE470_P3\Release\CSE470_P3.exe
       Manifest:
         C:\Program Files (x86)\Microsoft SDKs\Windows\v7.0A\bin\mt.exe /nologo /verbose /outputresource:"D:\Documents\ASU\CSE 470\A3\CSE470_P3\Release\CSE470_P3.exe;#1" /manifest Release\CSE470_P3.exe.intermediate.manifest
       FinalizeBuildStatus:
         Deleting file "Release\CSE470_P3.unsuccessfulbuild".
         Touching "Release\CSE470_P3.lastbuildstate".
     1>Done Building Project "D:\Documents\ASU\CSE 470\A3\CSE470_P3\CSE470_P3\CSE470_P3.vcxproj" (build target(s)).

Build succeeded.

Time Elapsed 00:00:04.18
