Build started 9/29/2012 4:46:57 PM.
     1>Project "d:\documents\visual studio 2010\Projects\CSE470_P2\CSE470_P2\CSE470_P2.vcxproj" on node 2 (build target(s)).
     1>InitializeBuildStatus:
         Creating "Release\CSE470_P2.unsuccessfulbuild" because "AlwaysCreate" was specified.
       ClCompile:
         d:\Program Files (x86)\Microsoft Visual Studio 10.0\VC\bin\CL.exe /c /Zi /nologo /W3 /WX- /O2 /Oi /Oy- /GL /D _MBCS /Gm- /EHsc /MD /GS /Gy /fp:precise /Zc:wchar_t /Zc:forScope /Fo"Release\\" /Fd"Release\vc100.pdb" /Gd /TP /analyze- /errorReport:prompt Enemy.cpp Orbiter.cpp Pacman.cpp Player.cpp
         Enemy.cpp
     1>d:\documents\visual studio 2010\projects\cse470_p2\cse470_p2\Shapes.h(85): warning C4244: 'argument' : conversion from 'double' to 'GLfloat', possible loss of data
     1>d:\documents\visual studio 2010\projects\cse470_p2\cse470_p2\Shapes.h(85): warning C4244: 'argument' : conversion from 'double' to 'GLfloat', possible loss of data
     1>d:\documents\visual studio 2010\projects\cse470_p2\cse470_p2\Shapes.h(101): warning C4244: 'argument' : conversion from 'double' to 'GLfloat', possible loss of data
     1>d:\documents\visual studio 2010\projects\cse470_p2\cse470_p2\Shapes.h(101): warning C4244: 'argument' : conversion from 'double' to 'GLfloat', possible loss of data
     1>d:\documents\visual studio 2010\projects\cse470_p2\cse470_p2\Shapes.h(148): warning C4244: 'argument' : conversion from 'double' to 'GLfloat', possible loss of data
     1>d:\documents\visual studio 2010\projects\cse470_p2\cse470_p2\Shapes.h(148): warning C4244: 'argument' : conversion from 'double' to 'GLfloat', possible loss of data
     1>d:\documents\visual studio 2010\projects\cse470_p2\cse470_p2\Shapes.h(155): warning C4244: 'argument' : conversion from 'double' to 'GLfloat', possible loss of data
     1>d:\documents\visual studio 2010\projects\cse470_p2\cse470_p2\Shapes.h(157): warning C4244: 'argument' : conversion from 'double' to 'GLfloat', possible loss of data
     1>d:\documents\visual studio 2010\projects\cse470_p2\cse470_p2\Entity.h(22): warning C4244: 'argument' : conversion from 'int' to 'GLfloat', possible loss of data
     1>d:\documents\visual studio 2010\projects\cse470_p2\cse470_p2\Entity.h(22): warning C4244: 'argument' : conversion from 'int' to 'GLfloat', possible loss of data
     1>Enemy.cpp(7): warning C4244: '=' : conversion from 'GLfloat' to 'int', possible loss of data
     1>Enemy.cpp(8): warning C4244: '=' : conversion from 'GLfloat' to 'int', possible loss of data
     1>Enemy.cpp(23): warning C4305: '+=' : truncation from 'double' to 'GLfloat'
         Orbiter.cpp
     1>d:\documents\visual studio 2010\projects\cse470_p2\cse470_p2\Shapes.h(85): warning C4244: 'argument' : conversion from 'double' to 'GLfloat', possible loss of data
     1>d:\documents\visual studio 2010\projects\cse470_p2\cse470_p2\Shapes.h(85): warning C4244: 'argument' : conversion from 'double' to 'GLfloat', possible loss of data
     1>d:\documents\visual studio 2010\projects\cse470_p2\cse470_p2\Shapes.h(101): warning C4244: 'argument' : conversion from 'double' to 'GLfloat', possible loss of data
     1>d:\documents\visual studio 2010\projects\cse470_p2\cse470_p2\Shapes.h(101): warning C4244: 'argument' : conversion from 'double' to 'GLfloat', possible loss of data
     1>d:\documents\visual studio 2010\projects\cse470_p2\cse470_p2\Shapes.h(148): warning C4244: 'argument' : conversion from 'double' to 'GLfloat', possible loss of data
     1>d:\documents\visual studio 2010\projects\cse470_p2\cse470_p2\Shapes.h(148): warning C4244: 'argument' : conversion from 'double' to 'GLfloat', possible loss of data
     1>d:\documents\visual studio 2010\projects\cse470_p2\cse470_p2\Shapes.h(155): warning C4244: 'argument' : conversion from 'double' to 'GLfloat', possible loss of data
     1>d:\documents\visual studio 2010\projects\cse470_p2\cse470_p2\Shapes.h(157): warning C4244: 'argument' : conversion from 'double' to 'GLfloat', possible loss of data
     1>d:\documents\visual studio 2010\projects\cse470_p2\cse470_p2\Entity.h(22): warning C4244: 'argument' : conversion from 'int' to 'GLfloat', possible loss of data
     1>d:\documents\visual studio 2010\projects\cse470_p2\cse470_p2\Entity.h(22): warning C4244: 'argument' : conversion from 'int' to 'GLfloat', possible loss of data
     1>Orbiter.cpp(5): warning C4244: '=' : conversion from 'int' to 'GLfloat', possible loss of data
     1>Orbiter.cpp(6): warning C4244: '=' : conversion from 'int' to 'GLfloat', possible loss of data
     1>Orbiter.cpp(56): warning C4244: 'argument' : conversion from 'int' to 'GLfloat', possible loss of data
     1>Orbiter.cpp(56): warning C4244: 'argument' : conversion from 'int' to 'GLfloat', possible loss of data
     1>Orbiter.cpp(57): warning C4244: 'argument' : conversion from 'int' to 'GLfloat', possible loss of data
     1>Orbiter.cpp(57): warning C4244: 'argument' : conversion from 'int' to 'GLfloat', possible loss of data
     1>Orbiter.cpp(59): warning C4244: 'argument' : conversion from 'int' to 'GLfloat', possible loss of data
     1>Orbiter.cpp(59): warning C4244: 'argument' : conversion from 'int' to 'GLfloat', possible loss of data
     1>Orbiter.cpp(60): warning C4244: 'argument' : conversion from 'int' to 'GLfloat', possible loss of data
     1>Orbiter.cpp(60): warning C4244: 'argument' : conversion from 'int' to 'GLfloat', possible loss of data
     1>Orbiter.cpp(71): warning C4244: 'argument' : conversion from 'int' to 'GLfloat', possible loss of data
     1>Orbiter.cpp(71): warning C4244: 'argument' : conversion from 'int' to 'GLfloat', possible loss of data
     1>Orbiter.cpp(82): warning C4244: 'argument' : conversion from 'int' to 'GLfloat', possible loss of data
     1>Orbiter.cpp(82): warning C4244: 'argument' : conversion from 'int' to 'GLfloat', possible loss of data
         Pacman.cpp
     1>d:\documents\visual studio 2010\projects\cse470_p2\cse470_p2\Shapes.h(85): warning C4244: 'argument' : conversion from 'double' to 'GLfloat', possible loss of data
     1>d:\documents\visual studio 2010\projects\cse470_p2\cse470_p2\Shapes.h(85): warning C4244: 'argument' : conversion from 'double' to 'GLfloat', possible loss of data
     1>d:\documents\visual studio 2010\projects\cse470_p2\cse470_p2\Shapes.h(101): warning C4244: 'argument' : conversion from 'double' to 'GLfloat', possible loss of data
     1>d:\documents\visual studio 2010\projects\cse470_p2\cse470_p2\Shapes.h(101): warning C4244: 'argument' : conversion from 'double' to 'GLfloat', possible loss of data
     1>d:\documents\visual studio 2010\projects\cse470_p2\cse470_p2\Shapes.h(148): warning C4244: 'argument' : conversion from 'double' to 'GLfloat', possible loss of data
     1>d:\documents\visual studio 2010\projects\cse470_p2\cse470_p2\Shapes.h(148): warning C4244: 'argument' : conversion from 'double' to 'GLfloat', possible loss of data
     1>d:\documents\visual studio 2010\projects\cse470_p2\cse470_p2\Shapes.h(155): warning C4244: 'argument' : conversion from 'double' to 'GLfloat', possible loss of data
     1>d:\documents\visual studio 2010\projects\cse470_p2\cse470_p2\Shapes.h(157): warning C4244: 'argument' : conversion from 'double' to 'GLfloat', possible loss of data
     1>d:\documents\visual studio 2010\projects\cse470_p2\cse470_p2\Entity.h(22): warning C4244: 'argument' : conversion from 'int' to 'GLfloat', possible loss of data
     1>d:\documents\visual studio 2010\projects\cse470_p2\cse470_p2\Entity.h(22): warning C4244: 'argument' : conversion from 'int' to 'GLfloat', possible loss of data
     1>Pacman.cpp(6): warning C4244: '=' : conversion from 'GLfloat' to 'int', possible loss of data
     1>Pacman.cpp(7): warning C4244: '=' : conversion from 'GLfloat' to 'int', possible loss of data
     1>Pacman.cpp(23): warning C4305: '-=' : truncation from 'double' to 'GLfloat'
     1>Pacman.cpp(25): warning C4305: '+=' : truncation from 'double' to 'GLfloat'
         Player.cpp
     1>d:\documents\visual studio 2010\projects\cse470_p2\cse470_p2\Shapes.h(85): warning C4244: 'argument' : conversion from 'double' to 'GLfloat', possible loss of data
     1>d:\documents\visual studio 2010\projects\cse470_p2\cse470_p2\Shapes.h(85): warning C4244: 'argument' : conversion from 'double' to 'GLfloat', possible loss of data
     1>d:\documents\visual studio 2010\projects\cse470_p2\cse470_p2\Shapes.h(101): warning C4244: 'argument' : conversion from 'double' to 'GLfloat', possible loss of data
     1>d:\documents\visual studio 2010\projects\cse470_p2\cse470_p2\Shapes.h(101): warning C4244: 'argument' : conversion from 'double' to 'GLfloat', possible loss of data
     1>d:\documents\visual studio 2010\projects\cse470_p2\cse470_p2\Shapes.h(148): warning C4244: 'argument' : conversion from 'double' to 'GLfloat', possible loss of data
     1>d:\documents\visual studio 2010\projects\cse470_p2\cse470_p2\Shapes.h(148): warning C4244: 'argument' : conversion from 'double' to 'GLfloat', possible loss of data
     1>d:\documents\visual studio 2010\projects\cse470_p2\cse470_p2\Shapes.h(155): warning C4244: 'argument' : conversion from 'double' to 'GLfloat', possible loss of data
     1>d:\documents\visual studio 2010\projects\cse470_p2\cse470_p2\Shapes.h(157): warning C4244: 'argument' : conversion from 'double' to 'GLfloat', possible loss of data
     1>d:\documents\visual studio 2010\projects\cse470_p2\cse470_p2\Entity.h(22): warning C4244: 'argument' : conversion from 'int' to 'GLfloat', possible loss of data
     1>d:\documents\visual studio 2010\projects\cse470_p2\cse470_p2\Entity.h(22): warning C4244: 'argument' : conversion from 'int' to 'GLfloat', possible loss of data
     1>Player.cpp(5): warning C4244: '=' : conversion from 'int' to 'GLfloat', possible loss of data
     1>Player.cpp(6): warning C4244: '=' : conversion from 'int' to 'GLfloat', possible loss of data
     1>Player.cpp(12): warning C4244: '=' : conversion from 'int' to 'GLfloat', possible loss of data
     1>Player.cpp(13): warning C4244: '=' : conversion from 'int' to 'GLfloat', possible loss of data
     1>Player.cpp(31): warning C4244: 'argument' : conversion from 'GLfloat' to 'int', possible loss of data
     1>Player.cpp(31): warning C4244: 'argument' : conversion from 'GLfloat' to 'int', possible loss of data
     1>Player.cpp(36): warning C4244: 'argument' : conversion from 'int' to 'GLfloat', possible loss of data
     1>Player.cpp(38): warning C4244: 'argument' : conversion from 'int' to 'GLfloat', possible loss of data
     1>Player.cpp(54): warning C4244: 'argument' : conversion from 'int' to 'GLfloat', possible loss of data
     1>Player.cpp(54): warning C4244: 'argument' : conversion from 'int' to 'GLfloat', possible loss of data
       Link:
         d:\Program Files (x86)\Microsoft Visual Studio 10.0\VC\bin\link.exe /ERRORREPORT:PROMPT /OUT:"d:\documents\visual studio 2010\Projects\CSE470_P2\Release\CSE470_P2.exe" /NOLOGO kernel32.lib user32.lib gdi32.lib winspool.lib comdlg32.lib advapi32.lib shell32.lib ole32.lib oleaut32.lib uuid.lib odbc32.lib odbccp32.lib /MANIFEST /ManifestFile:"Release\CSE470_P2.exe.intermediate.manifest" /MANIFESTUAC:"level='asInvoker' uiAccess='false'" /DEBUG /PDB:"d:\documents\visual studio 2010\Projects\CSE470_P2\Release\CSE470_P2.pdb" /OPT:REF /OPT:ICF /LTCG /TLBID:1 /DYNAMICBASE /NXCOMPAT /IMPLIB:"d:\documents\visual studio 2010\Projects\CSE470_P2\Release\CSE470_P2.lib" /MACHINE:X86 Release\Bullet.obj
         Release\Enemy.obj
         Release\main.obj
         Release\Orbiter.obj
         Release\Pacman.obj
         Release\Player.obj
         Generating code
         Finished generating code
         CSE470_P2.vcxproj -> d:\documents\visual studio 2010\Projects\CSE470_P2\Release\CSE470_P2.exe
       Manifest:
         C:\Program Files (x86)\Microsoft SDKs\Windows\v7.0A\bin\mt.exe /nologo /verbose /outputresource:"d:\documents\visual studio 2010\Projects\CSE470_P2\Release\CSE470_P2.exe;#1" /manifest Release\CSE470_P2.exe.intermediate.manifest
       FinalizeBuildStatus:
         Deleting file "Release\CSE470_P2.unsuccessfulbuild".
         Touching "Release\CSE470_P2.lastbuildstate".
     1>Done Building Project "d:\documents\visual studio 2010\Projects\CSE470_P2\CSE470_P2\CSE470_P2.vcxproj" (build target(s)).

Build succeeded.

Time Elapsed 00:00:01.12
