Build started 9/29/2012 4:41:15 PM.
     1>Project "d:\documents\visual studio 2010\Projects\CSE470_P2\CSE470_P2\CSE470_P2.vcxproj" on node 2 (build target(s)).
     1>PrepareForBuild:
         Creating directory "d:\documents\visual studio 2010\Projects\CSE470_P2\Debug\".
       InitializeBuildStatus:
         Creating "Debug\CSE470_P2.unsuccessfulbuild" because "AlwaysCreate" was specified.
       ClCompile:
         d:\Program Files (x86)\Microsoft Visual Studio 10.0\VC\bin\CL.exe /c /ZI /nologo /W3 /WX- /Od /Oy- /D _MBCS /Gm /EHsc /RTC1 /MDd /GS /fp:precise /Zc:wchar_t /Zc:forScope /Fo"Debug\\" /Fd"Debug\vc100.pdb" /Gd /TP /analyze- /errorReport:prompt Bullet.cpp Enemy.cpp main.cpp Orbiter.cpp Pacman.cpp Player.cpp
         Player.cpp
     1>d:\documents\visual studio 2010\projects\cse470_p2\cse470_p2\shapes.h(85): warning C4244: 'argument' : conversion from 'double' to 'GLfloat', possible loss of data
     1>d:\documents\visual studio 2010\projects\cse470_p2\cse470_p2\shapes.h(85): warning C4244: 'argument' : conversion from 'double' to 'GLfloat', possible loss of data
     1>d:\documents\visual studio 2010\projects\cse470_p2\cse470_p2\shapes.h(101): warning C4244: 'argument' : conversion from 'double' to 'GLfloat', possible loss of data
     1>d:\documents\visual studio 2010\projects\cse470_p2\cse470_p2\shapes.h(101): warning C4244: 'argument' : conversion from 'double' to 'GLfloat', possible loss of data
     1>d:\documents\visual studio 2010\projects\cse470_p2\cse470_p2\shapes.h(148): warning C4244: 'argument' : conversion from 'double' to 'GLfloat', possible loss of data
     1>d:\documents\visual studio 2010\projects\cse470_p2\cse470_p2\shapes.h(148): warning C4244: 'argument' : conversion from 'double' to 'GLfloat', possible loss of data
     1>d:\documents\visual studio 2010\projects\cse470_p2\cse470_p2\shapes.h(155): warning C4244: 'argument' : conversion from 'double' to 'GLfloat', possible loss of data
     1>d:\documents\visual studio 2010\projects\cse470_p2\cse470_p2\shapes.h(157): warning C4244: 'argument' : conversion from 'double' to 'GLfloat', possible loss of data
     1>d:\documents\visual studio 2010\projects\cse470_p2\cse470_p2\entity.h(22): warning C4244: 'argument' : conversion from 'int' to 'GLfloat', possible loss of data
     1>d:\documents\visual studio 2010\projects\cse470_p2\cse470_p2\entity.h(22): warning C4244: 'argument' : conversion from 'int' to 'GLfloat', possible loss of data
     1>d:\documents\visual studio 2010\projects\cse470_p2\cse470_p2\player.cpp(5): warning C4244: '=' : conversion from 'int' to 'GLfloat', possible loss of data
     1>d:\documents\visual studio 2010\projects\cse470_p2\cse470_p2\player.cpp(6): warning C4244: '=' : conversion from 'int' to 'GLfloat', possible loss of data
     1>d:\documents\visual studio 2010\projects\cse470_p2\cse470_p2\player.cpp(11): warning C4244: '=' : conversion from 'int' to 'GLfloat', possible loss of data
     1>d:\documents\visual studio 2010\projects\cse470_p2\cse470_p2\player.cpp(12): warning C4244: '=' : conversion from 'int' to 'GLfloat', possible loss of data
     1>d:\documents\visual studio 2010\projects\cse470_p2\cse470_p2\player.cpp(30): warning C4244: 'argument' : conversion from 'GLfloat' to 'int', possible loss of data
     1>d:\documents\visual studio 2010\projects\cse470_p2\cse470_p2\player.cpp(30): warning C4244: 'argument' : conversion from 'GLfloat' to 'int', possible loss of data
     1>d:\documents\visual studio 2010\projects\cse470_p2\cse470_p2\player.cpp(35): warning C4244: 'argument' : conversion from 'int' to 'GLfloat', possible loss of data
     1>d:\documents\visual studio 2010\projects\cse470_p2\cse470_p2\player.cpp(37): warning C4244: 'argument' : conversion from 'int' to 'GLfloat', possible loss of data
     1>d:\documents\visual studio 2010\projects\cse470_p2\cse470_p2\player.cpp(53): warning C4244: 'argument' : conversion from 'int' to 'GLfloat', possible loss of data
     1>d:\documents\visual studio 2010\projects\cse470_p2\cse470_p2\player.cpp(53): warning C4244: 'argument' : conversion from 'int' to 'GLfloat', possible loss of data
         Pacman.cpp
     1>d:\documents\visual studio 2010\projects\cse470_p2\cse470_p2\shapes.h(85): warning C4244: 'argument' : conversion from 'double' to 'GLfloat', possible loss of data
     1>d:\documents\visual studio 2010\projects\cse470_p2\cse470_p2\shapes.h(85): warning C4244: 'argument' : conversion from 'double' to 'GLfloat', possible loss of data
     1>d:\documents\visual studio 2010\projects\cse470_p2\cse470_p2\shapes.h(101): warning C4244: 'argument' : conversion from 'double' to 'GLfloat', possible loss of data
     1>d:\documents\visual studio 2010\projects\cse470_p2\cse470_p2\shapes.h(101): warning C4244: 'argument' : conversion from 'double' to 'GLfloat', possible loss of data
     1>d:\documents\visual studio 2010\projects\cse470_p2\cse470_p2\shapes.h(148): warning C4244: 'argument' : conversion from 'double' to 'GLfloat', possible loss of data
     1>d:\documents\visual studio 2010\projects\cse470_p2\cse470_p2\shapes.h(148): warning C4244: 'argument' : conversion from 'double' to 'GLfloat', possible loss of data
     1>d:\documents\visual studio 2010\projects\cse470_p2\cse470_p2\shapes.h(155): warning C4244: 'argument' : conversion from 'double' to 'GLfloat', possible loss of data
     1>d:\documents\visual studio 2010\projects\cse470_p2\cse470_p2\shapes.h(157): warning C4244: 'argument' : conversion from 'double' to 'GLfloat', possible loss of data
     1>d:\documents\visual studio 2010\projects\cse470_p2\cse470_p2\entity.h(22): warning C4244: 'argument' : conversion from 'int' to 'GLfloat', possible loss of data
     1>d:\documents\visual studio 2010\projects\cse470_p2\cse470_p2\entity.h(22): warning C4244: 'argument' : conversion from 'int' to 'GLfloat', possible loss of data
     1>d:\documents\visual studio 2010\projects\cse470_p2\cse470_p2\pacman.cpp(6): warning C4244: '=' : conversion from 'GLfloat' to 'int', possible loss of data
     1>d:\documents\visual studio 2010\projects\cse470_p2\cse470_p2\pacman.cpp(7): warning C4244: '=' : conversion from 'GLfloat' to 'int', possible loss of data
     1>d:\documents\visual studio 2010\projects\cse470_p2\cse470_p2\pacman.cpp(22): warning C4305: '-=' : truncation from 'double' to 'GLfloat'
     1>d:\documents\visual studio 2010\projects\cse470_p2\cse470_p2\pacman.cpp(24): warning C4305: '+=' : truncation from 'double' to 'GLfloat'
         Orbiter.cpp
     1>d:\documents\visual studio 2010\projects\cse470_p2\cse470_p2\shapes.h(85): warning C4244: 'argument' : conversion from 'double' to 'GLfloat', possible loss of data
     1>d:\documents\visual studio 2010\projects\cse470_p2\cse470_p2\shapes.h(85): warning C4244: 'argument' : conversion from 'double' to 'GLfloat', possible loss of data
     1>d:\documents\visual studio 2010\projects\cse470_p2\cse470_p2\shapes.h(101): warning C4244: 'argument' : conversion from 'double' to 'GLfloat', possible loss of data
     1>d:\documents\visual studio 2010\projects\cse470_p2\cse470_p2\shapes.h(101): warning C4244: 'argument' : conversion from 'double' to 'GLfloat', possible loss of data
     1>d:\documents\visual studio 2010\projects\cse470_p2\cse470_p2\shapes.h(148): warning C4244: 'argument' : conversion from 'double' to 'GLfloat', possible loss of data
     1>d:\documents\visual studio 2010\projects\cse470_p2\cse470_p2\shapes.h(148): warning C4244: 'argument' : conversion from 'double' to 'GLfloat', possible loss of data
     1>d:\documents\visual studio 2010\projects\cse470_p2\cse470_p2\shapes.h(155): warning C4244: 'argument' : conversion from 'double' to 'GLfloat', possible loss of data
     1>d:\documents\visual studio 2010\projects\cse470_p2\cse470_p2\shapes.h(157): warning C4244: 'argument' : conversion from 'double' to 'GLfloat', possible loss of data
     1>d:\documents\visual studio 2010\projects\cse470_p2\cse470_p2\entity.h(22): warning C4244: 'argument' : conversion from 'int' to 'GLfloat', possible loss of data
     1>d:\documents\visual studio 2010\projects\cse470_p2\cse470_p2\entity.h(22): warning C4244: 'argument' : conversion from 'int' to 'GLfloat', possible loss of data
     1>d:\documents\visual studio 2010\projects\cse470_p2\cse470_p2\orbiter.cpp(5): warning C4244: '=' : conversion from 'int' to 'GLfloat', possible loss of data
     1>d:\documents\visual studio 2010\projects\cse470_p2\cse470_p2\orbiter.cpp(6): warning C4244: '=' : conversion from 'int' to 'GLfloat', possible loss of data
     1>d:\documents\visual studio 2010\projects\cse470_p2\cse470_p2\orbiter.cpp(55): warning C4244: 'argument' : conversion from 'int' to 'GLfloat', possible loss of data
     1>d:\documents\visual studio 2010\projects\cse470_p2\cse470_p2\orbiter.cpp(55): warning C4244: 'argument' : conversion from 'int' to 'GLfloat', possible loss of data
     1>d:\documents\visual studio 2010\projects\cse470_p2\cse470_p2\orbiter.cpp(56): warning C4244: 'argument' : conversion from 'int' to 'GLfloat', possible loss of data
     1>d:\documents\visual studio 2010\projects\cse470_p2\cse470_p2\orbiter.cpp(56): warning C4244: 'argument' : conversion from 'int' to 'GLfloat', possible loss of data
     1>d:\documents\visual studio 2010\projects\cse470_p2\cse470_p2\orbiter.cpp(58): warning C4244: 'argument' : conversion from 'int' to 'GLfloat', possible loss of data
     1>d:\documents\visual studio 2010\projects\cse470_p2\cse470_p2\orbiter.cpp(58): warning C4244: 'argument' : conversion from 'int' to 'GLfloat', possible loss of data
     1>d:\documents\visual studio 2010\projects\cse470_p2\cse470_p2\orbiter.cpp(59): warning C4244: 'argument' : conversion from 'int' to 'GLfloat', possible loss of data
     1>d:\documents\visual studio 2010\projects\cse470_p2\cse470_p2\orbiter.cpp(59): warning C4244: 'argument' : conversion from 'int' to 'GLfloat', possible loss of data
     1>d:\documents\visual studio 2010\projects\cse470_p2\cse470_p2\orbiter.cpp(70): warning C4244: 'argument' : conversion from 'int' to 'GLfloat', possible loss of data
     1>d:\documents\visual studio 2010\projects\cse470_p2\cse470_p2\orbiter.cpp(70): warning C4244: 'argument' : conversion from 'int' to 'GLfloat', possible loss of data
     1>d:\documents\visual studio 2010\projects\cse470_p2\cse470_p2\orbiter.cpp(81): warning C4244: 'argument' : conversion from 'int' to 'GLfloat', possible loss of data
     1>d:\documents\visual studio 2010\projects\cse470_p2\cse470_p2\orbiter.cpp(81): warning C4244: 'argument' : conversion from 'int' to 'GLfloat', possible loss of data
         main.cpp
     1>d:\documents\visual studio 2010\projects\cse470_p2\cse470_p2\shapes.h(85): warning C4244: 'argument' : conversion from 'double' to 'GLfloat', possible loss of data
     1>d:\documents\visual studio 2010\projects\cse470_p2\cse470_p2\shapes.h(85): warning C4244: 'argument' : conversion from 'double' to 'GLfloat', possible loss of data
     1>d:\documents\visual studio 2010\projects\cse470_p2\cse470_p2\shapes.h(101): warning C4244: 'argument' : conversion from 'double' to 'GLfloat', possible loss of data
     1>d:\documents\visual studio 2010\projects\cse470_p2\cse470_p2\shapes.h(101): warning C4244: 'argument' : conversion from 'double' to 'GLfloat', possible loss of data
     1>d:\documents\visual studio 2010\projects\cse470_p2\cse470_p2\shapes.h(148): warning C4244: 'argument' : conversion from 'double' to 'GLfloat', possible loss of data
     1>d:\documents\visual studio 2010\projects\cse470_p2\cse470_p2\shapes.h(148): warning C4244: 'argument' : conversion from 'double' to 'GLfloat', possible loss of data
     1>d:\documents\visual studio 2010\projects\cse470_p2\cse470_p2\shapes.h(155): warning C4244: 'argument' : conversion from 'double' to 'GLfloat', possible loss of data
     1>d:\documents\visual studio 2010\projects\cse470_p2\cse470_p2\shapes.h(157): warning C4244: 'argument' : conversion from 'double' to 'GLfloat', possible loss of data
     1>d:\documents\visual studio 2010\projects\cse470_p2\cse470_p2\entity.h(22): warning C4244: 'argument' : conversion from 'int' to 'GLfloat', possible loss of data
     1>d:\documents\visual studio 2010\projects\cse470_p2\cse470_p2\entity.h(22): warning C4244: 'argument' : conversion from 'int' to 'GLfloat', possible loss of data
     1>d:\documents\visual studio 2010\projects\cse470_p2\cse470_p2\main.cpp(115): warning C4018: '<' : signed/unsigned mismatch
     1>d:\documents\visual studio 2010\projects\cse470_p2\cse470_p2\main.cpp(121): warning C4018: '<' : signed/unsigned mismatch
     1>d:\documents\visual studio 2010\projects\cse470_p2\cse470_p2\main.cpp(132): warning C4018: '<' : signed/unsigned mismatch
     1>d:\documents\visual studio 2010\projects\cse470_p2\cse470_p2\main.cpp(179): warning C4018: '<' : signed/unsigned mismatch
     1>d:\documents\visual studio 2010\projects\cse470_p2\cse470_p2\main.cpp(231): warning C4244: 'argument' : conversion from 'GLfloat' to 'GLsizei', possible loss of data
     1>d:\documents\visual studio 2010\projects\cse470_p2\cse470_p2\main.cpp(231): warning C4244: 'argument' : conversion from 'GLfloat' to 'GLsizei', possible loss of data
     1>d:\documents\visual studio 2010\projects\cse470_p2\cse470_p2\main.cpp(231): warning C4244: 'argument' : conversion from 'GLfloat' to 'GLint', possible loss of data
     1>d:\documents\visual studio 2010\projects\cse470_p2\cse470_p2\main.cpp(231): warning C4244: 'argument' : conversion from 'GLfloat' to 'GLint', possible loss of data
     1>d:\documents\visual studio 2010\projects\cse470_p2\cse470_p2\main.cpp(237): warning C4018: '<' : signed/unsigned mismatch
     1>d:\documents\visual studio 2010\projects\cse470_p2\cse470_p2\main.cpp(247): warning C4244: 'argument' : conversion from 'GLfloat' to 'GLsizei', possible loss of data
     1>d:\documents\visual studio 2010\projects\cse470_p2\cse470_p2\main.cpp(247): warning C4244: 'argument' : conversion from 'GLfloat' to 'GLsizei', possible loss of data
     1>d:\documents\visual studio 2010\projects\cse470_p2\cse470_p2\main.cpp(247): warning C4244: 'argument' : conversion from 'GLfloat' to 'GLint', possible loss of data
     1>d:\documents\visual studio 2010\projects\cse470_p2\cse470_p2\main.cpp(250): warning C4305: 'argument' : truncation from 'double' to 'GLfloat'
     1>d:\documents\visual studio 2010\projects\cse470_p2\cse470_p2\main.cpp(259): warning C4305: 'argument' : truncation from 'double' to 'GLfloat'
     1>d:\documents\visual studio 2010\projects\cse470_p2\cse470_p2\main.cpp(259): warning C4305: 'argument' : truncation from 'double' to 'GLfloat'
     1>d:\documents\visual studio 2010\projects\cse470_p2\cse470_p2\main.cpp(266): warning C4305: 'argument' : truncation from 'double' to 'GLfloat'
     1>d:\documents\visual studio 2010\projects\cse470_p2\cse470_p2\main.cpp(266): warning C4305: 'argument' : truncation from 'double' to 'GLfloat'
         Enemy.cpp
     1>d:\documents\visual studio 2010\projects\cse470_p2\cse470_p2\shapes.h(85): warning C4244: 'argument' : conversion from 'double' to 'GLfloat', possible loss of data
     1>d:\documents\visual studio 2010\projects\cse470_p2\cse470_p2\shapes.h(85): warning C4244: 'argument' : conversion from 'double' to 'GLfloat', possible loss of data
     1>d:\documents\visual studio 2010\projects\cse470_p2\cse470_p2\shapes.h(101): warning C4244: 'argument' : conversion from 'double' to 'GLfloat', possible loss of data
     1>d:\documents\visual studio 2010\projects\cse470_p2\cse470_p2\shapes.h(101): warning C4244: 'argument' : conversion from 'double' to 'GLfloat', possible loss of data
     1>d:\documents\visual studio 2010\projects\cse470_p2\cse470_p2\shapes.h(148): warning C4244: 'argument' : conversion from 'double' to 'GLfloat', possible loss of data
     1>d:\documents\visual studio 2010\projects\cse470_p2\cse470_p2\shapes.h(148): warning C4244: 'argument' : conversion from 'double' to 'GLfloat', possible loss of data
     1>d:\documents\visual studio 2010\projects\cse470_p2\cse470_p2\shapes.h(155): warning C4244: 'argument' : conversion from 'double' to 'GLfloat', possible loss of data
     1>d:\documents\visual studio 2010\projects\cse470_p2\cse470_p2\shapes.h(157): warning C4244: 'argument' : conversion from 'double' to 'GLfloat', possible loss of data
     1>d:\documents\visual studio 2010\projects\cse470_p2\cse470_p2\entity.h(22): warning C4244: 'argument' : conversion from 'int' to 'GLfloat', possible loss of data
     1>d:\documents\visual studio 2010\projects\cse470_p2\cse470_p2\entity.h(22): warning C4244: 'argument' : conversion from 'int' to 'GLfloat', possible loss of data
     1>d:\documents\visual studio 2010\projects\cse470_p2\cse470_p2\enemy.cpp(7): warning C4244: '=' : conversion from 'GLfloat' to 'int', possible loss of data
     1>d:\documents\visual studio 2010\projects\cse470_p2\cse470_p2\enemy.cpp(8): warning C4244: '=' : conversion from 'GLfloat' to 'int', possible loss of data
     1>d:\documents\visual studio 2010\projects\cse470_p2\cse470_p2\enemy.cpp(22): warning C4305: '+=' : truncation from 'double' to 'GLfloat'
         Bullet.cpp
     1>d:\documents\visual studio 2010\projects\cse470_p2\cse470_p2\shapes.h(85): warning C4244: 'argument' : conversion from 'double' to 'GLfloat', possible loss of data
     1>d:\documents\visual studio 2010\projects\cse470_p2\cse470_p2\shapes.h(85): warning C4244: 'argument' : conversion from 'double' to 'GLfloat', possible loss of data
     1>d:\documents\visual studio 2010\projects\cse470_p2\cse470_p2\shapes.h(101): warning C4244: 'argument' : conversion from 'double' to 'GLfloat', possible loss of data
     1>d:\documents\visual studio 2010\projects\cse470_p2\cse470_p2\shapes.h(101): warning C4244: 'argument' : conversion from 'double' to 'GLfloat', possible loss of data
     1>d:\documents\visual studio 2010\projects\cse470_p2\cse470_p2\shapes.h(148): warning C4244: 'argument' : conversion from 'double' to 'GLfloat', possible loss of data
     1>d:\documents\visual studio 2010\projects\cse470_p2\cse470_p2\shapes.h(148): warning C4244: 'argument' : conversion from 'double' to 'GLfloat', possible loss of data
     1>d:\documents\visual studio 2010\projects\cse470_p2\cse470_p2\shapes.h(155): warning C4244: 'argument' : conversion from 'double' to 'GLfloat', possible loss of data
     1>d:\documents\visual studio 2010\projects\cse470_p2\cse470_p2\shapes.h(157): warning C4244: 'argument' : conversion from 'double' to 'GLfloat', possible loss of data
     1>d:\documents\visual studio 2010\projects\cse470_p2\cse470_p2\entity.h(22): warning C4244: 'argument' : conversion from 'int' to 'GLfloat', possible loss of data
     1>d:\documents\visual studio 2010\projects\cse470_p2\cse470_p2\entity.h(22): warning C4244: 'argument' : conversion from 'int' to 'GLfloat', possible loss of data
     1>d:\documents\visual studio 2010\projects\cse470_p2\cse470_p2\bullet.cpp(9): warning C4244: '=' : conversion from 'int' to 'GLfloat', possible loss of data
     1>d:\documents\visual studio 2010\projects\cse470_p2\cse470_p2\bullet.cpp(10): warning C4244: '=' : conversion from 'int' to 'GLfloat', possible loss of data
     1>d:\documents\visual studio 2010\projects\cse470_p2\cse470_p2\bullet.cpp(24): warning C4244: 'argument' : conversion from 'int' to 'GLfloat', possible loss of data
         Generating Code...
       Link:
         d:\Program Files (x86)\Microsoft Visual Studio 10.0\VC\bin\link.exe /ERRORREPORT:PROMPT /OUT:"d:\documents\visual studio 2010\Projects\CSE470_P2\Debug\CSE470_P2.exe" /NOLOGO kernel32.lib user32.lib gdi32.lib winspool.lib comdlg32.lib advapi32.lib shell32.lib ole32.lib oleaut32.lib uuid.lib odbc32.lib odbccp32.lib /MANIFEST /ManifestFile:"Debug\CSE470_P2.exe.intermediate.manifest" /MANIFESTUAC:"level='asInvoker' uiAccess='false'" /DEBUG /PDB:"d:\documents\visual studio 2010\Projects\CSE470_P2\Debug\CSE470_P2.pdb" /TLBID:1 /DYNAMICBASE /NXCOMPAT /IMPLIB:"d:\documents\visual studio 2010\Projects\CSE470_P2\Debug\CSE470_P2.lib" /MACHINE:X86 Debug\Bullet.obj
         Debug\Enemy.obj
         Debug\main.obj
         Debug\Orbiter.obj
         Debug\Pacman.obj
         Debug\Player.obj
         CSE470_P2.vcxproj -> d:\documents\visual studio 2010\Projects\CSE470_P2\Debug\CSE470_P2.exe
       Manifest:
         C:\Program Files (x86)\Microsoft SDKs\Windows\v7.0A\bin\mt.exe /nologo /verbose /outputresource:"d:\documents\visual studio 2010\Projects\CSE470_P2\Debug\CSE470_P2.exe;#1" /manifest Debug\CSE470_P2.exe.intermediate.manifest
       FinalizeBuildStatus:
         Deleting file "Debug\CSE470_P2.unsuccessfulbuild".
         Touching "Debug\CSE470_P2.lastbuildstate".
     1>Done Building Project "d:\documents\visual studio 2010\Projects\CSE470_P2\CSE470_P2\CSE470_P2.vcxproj" (build target(s)).

Build succeeded.

Time Elapsed 00:00:03.30
